<?xml version="1.0" encoding="UTF-8"?>
<!-- Generated by org.testng.reporters.JUnitReportReporter -->
<testsuite hostname="SutirthReddy" name="testRunner.TestRunner" tests="1" failures="0" timestamp="5 Feb 2017 10:36:43 GMT" time="62.542" errors="0">
  <testcase name="feature" time="62.542" classname="testRunner.TestRunner"/>
</testsuite> <!-- testRunner.TestRunner -->
