<?xml version="1.0" encoding="UTF-8"?>
<!-- Generated by org.testng.reporters.JUnitReportReporter -->
<testsuite hostname="SutirthReddy" name="testRunner.TestRunner" tests="1" failures="0" timestamp="3 Feb 2017 20:49:52 GMT" time="44.863" errors="0">
  <testcase name="feature" time="44.863" classname="testRunner.TestRunner"/>
</testsuite> <!-- testRunner.TestRunner -->
