<?xml version="1.0" encoding="UTF-8"?>
<!-- Generated by org.testng.reporters.JUnitReportReporter -->
<testsuite hostname="DESKTOP-FRQASMG" name="testRunner.TestRunner" tests="1" failures="0" timestamp="12 Mar 2017 09:55:51 GMT" time="77.325" errors="0">
  <testcase name="feature" time="77.325" classname="testRunner.TestRunner"/>
</testsuite> <!-- testRunner.TestRunner -->
